2022-09-09 13:40:57|169.7µs|404|GET|/|172.24.0.1|268 B|9 B|----------------------------050372608327091868530956
Content-Disposition: form-data; name="title"

あああ
----------------------------050372608327091868530956
Content-Disposition: form-data; name=""


----------------------------050372608327091868530956--
|
2022-09-09 13:41:20|28.4µs|404|POST|/weight|172.24.0.1|268 B|9 B|----------------------------036697216953937400346425
Content-Disposition: form-data; name="title"

あああ
----------------------------036697216953937400346425
Content-Disposition: form-data; name=""


----------------------------036697216953937400346425--
|
2022-09-10 10:18:56|70.2µs|404|POST|/weights/list|172.24.0.1|268 B|9 B|----------------------------426792615687047182572564
Content-Disposition: form-data; name="title"

あああ
----------------------------426792615687047182572564
Content-Disposition: form-data; name=""


----------------------------426792615687047182572564--
|
2022-09-10 10:18:58|16.5µs|404|POST|/weights/list|172.24.0.1|268 B|9 B|----------------------------794322492120681870614976
Content-Disposition: form-data; name="title"

あああ
----------------------------794322492120681870614976
Content-Disposition: form-data; name=""


----------------------------794322492120681870614976--
|
2022-09-10 10:19:01|238.2µs|400|GET|/weights/list|172.24.0.1|0 B|56 B||
2022-09-10 10:20:31|138.5µs|400|GET|/weights/list|172.24.0.1|0 B|56 B||
2022-09-10 10:25:18|335.3µs|400|GET|/weights/list|172.24.0.1|0 B|56 B||
2022-09-10 10:26:01|67.026ms|500|GET|/weights/list|172.24.0.1|0 B|21 B||
2022-09-10 10:27:01|23µs|404|GET|/weight/list|172.24.0.1|268 B|9 B|----------------------------443203631554893695669803
Content-Disposition: form-data; name="title"

あああ
----------------------------443203631554893695669803
Content-Disposition: form-data; name=""


----------------------------443203631554893695669803--
|
2022-09-10 10:27:07|146.2µs|400|GET|/weights/list|172.24.0.1|0 B|56 B||
2022-09-10 10:31:16|377.5µs|400|GET|/weights/list|172.24.0.1|0 B|56 B||
2022-09-10 10:31:21|126.6µs|400|GET|/weights/list|172.24.0.1|0 B|56 B||
2022-09-10 10:32:58|377.5µs|400|GET|/weights/list|172.24.0.1|0 B|56 B||
2022-09-10 10:33:25|642.6µs|400|GET|/weights/list|172.24.0.1|0 B|56 B||
2022-09-10 10:35:21|158µs|400|GET|/weights/list|172.24.0.1|0 B|56 B||
2022-09-10 10:35:45|159.5µs|400|GET|/weights/list|172.24.0.1|0 B|56 B||
2022-09-10 10:40:44|540µs|400|GET|/weights/list|172.24.0.1|0 B|56 B||
2022-09-10 10:40:45|167µs|400|GET|/weights/list|172.24.0.1|0 B|56 B||
2022-09-10 10:40:59|109.2µs|400|GET|/weights/list|172.24.0.1|0 B|56 B||
2022-09-10 11:17:22|145.9µs|400|GET|/weights/list|172.24.0.1|0 B|56 B||
2022-09-10 11:17:23|116.1µs|400|GET|/weights/list|172.24.0.1|0 B|56 B||
2022-09-10 11:22:59|161.5µs|400|GET|/weights/list|172.24.0.1|0 B|56 B||
2022-09-10 11:23:58|225.8µs|400|GET|/weights/list|172.24.0.1|0 B|56 B||
2022-09-10 11:24:14|111.4µs|400|GET|/weights/list|172.24.0.1|0 B|56 B||
2022-09-10 11:24:52|133.8µs|400|GET|/weights/list|172.24.0.1|0 B|56 B||
2022-09-10 11:25:27|203.2µs|400|GET|/weights/list|172.24.0.1|0 B|56 B||
2022-09-10 11:26:34|165µs|400|GET|/weights/list|172.24.0.1|0 B|56 B||
2022-09-10 11:27:16|159.2µs|400|GET|/weights/list|172.24.0.1|0 B|56 B||
2022-09-10 11:29:06|207.8µs|400|GET|/weights/list|172.24.0.1|0 B|56 B||
2022-09-10 11:33:30|95.6µs|400|GET|/weights/list|172.24.0.1|0 B|56 B||
2022-09-10 11:35:08|493.5µs|400|GET|/weights/list|172.24.0.1|0 B|56 B||
2022-09-10 11:36:06|270.7µs|400|GET|/weights/list|172.24.0.1|0 B|56 B||
2022-09-10 11:37:43|126.7µs|400|GET|/weights/list|172.24.0.1|0 B|56 B||
2022-09-10 11:45:27|190µs|400|GET|/weights/list|172.24.0.1|0 B|56 B||
2022-09-10 11:45:43|240.3µs|400|GET|/weights/list|172.24.0.1|0 B|56 B||
2022-09-10 11:46:03|235µs|400|GET|/weights/list|172.24.0.1|0 B|56 B||
2022-09-10 11:47:16|236.1µs|400|GET|/weights|172.24.0.1|0 B|56 B||
2022-09-10 11:47:17|198.6µs|400|GET|/weights|172.24.0.1|0 B|56 B||
2022-09-10 11:50:20|31.2µs|404|GET|/weights|172.24.0.1|268 B|9 B|----------------------------481912637175012465147066
Content-Disposition: form-data; name="title"

あああ
----------------------------481912637175012465147066
Content-Disposition: form-data; name=""


----------------------------481912637175012465147066--
|
2022-09-10 11:50:50|37µs|404|GET|/weights|172.24.0.1|268 B|9 B|----------------------------221164554707060015148486
Content-Disposition: form-data; name="title"

あああ
----------------------------221164554707060015148486
Content-Disposition: form-data; name=""


----------------------------221164554707060015148486--
|
2022-09-10 13:18:02|27µs|404|GET|/weights|172.24.0.1|268 B|9 B|----------------------------061963188501926330732560
Content-Disposition: form-data; name="title"

あああ
----------------------------061963188501926330732560
Content-Disposition: form-data; name=""


----------------------------061963188501926330732560--
|
2022-09-10 13:18:07|518.2µs|400|GET|/weights/list|172.24.0.1|0 B|56 B||
2022-09-10 13:21:06|69.7897ms|500|GET|/weights/list|172.24.0.1|0 B|21 B||
2022-09-11 00:33:29|477.7µs|200|GET|/books|172.24.0.1|268 B|98 B|----------------------------586210956955114582759530
Content-Disposition: form-data; name="title"

あああ
----------------------------586210956955114582759530
Content-Disposition: form-data; name=""


----------------------------586210956955114582759530--
|
2022-09-11 00:42:11|139.9µs|200|GET|/weights|172.24.0.1|268 B|98 B|----------------------------692454763778216163780770
Content-Disposition: form-data; name="title"

あああ
----------------------------692454763778216163780770
Content-Disposition: form-data; name=""


----------------------------692454763778216163780770--
|
2022-09-11 00:42:30|247.2µs|200|GET|/weights|172.24.0.1|268 B|84 B|----------------------------644893114069159742077050
Content-Disposition: form-data; name="title"

あああ
----------------------------644893114069159742077050
Content-Disposition: form-data; name=""


----------------------------644893114069159742077050--
|
2022-09-11 00:49:54|589.6µs|400|GET|/weights|172.24.0.1|0 B|56 B||
2022-09-11 00:50:21|170.5µs|400|GET|/weights|172.24.0.1|0 B|56 B||
2022-09-11 00:50:22|104.1µs|400|GET|/weights|172.24.0.1|0 B|56 B||
2022-09-11 00:50:23|167.4µs|400|GET|/weights|172.24.0.1|0 B|56 B||
2022-09-11 00:50:44|258.4µs|200|GET|/weights|172.24.0.1|268 B|84 B|----------------------------516331775473755546360688
Content-Disposition: form-data; name="title"

あああ
----------------------------516331775473755546360688
Content-Disposition: form-data; name=""


----------------------------516331775473755546360688--
|
2022-09-11 00:55:24|26.615ms|200|GET|/weights|172.24.0.1|268 B|84 B|----------------------------538190275629764053977526
Content-Disposition: form-data; name="title"

あああ
----------------------------538190275629764053977526
Content-Disposition: form-data; name=""


----------------------------538190275629764053977526--
|
2022-09-11 00:55:25|17.8955ms|200|GET|/weights|172.24.0.1|268 B|84 B|----------------------------456860499665764224788288
Content-Disposition: form-data; name="title"

あああ
----------------------------456860499665764224788288
Content-Disposition: form-data; name=""


----------------------------456860499665764224788288--
|
2022-09-11 00:55:48|21.5645ms|200|GET|/weights|172.24.0.1|268 B|84 B|----------------------------112760405211685579622106
Content-Disposition: form-data; name="title"

あああ
----------------------------112760405211685579622106
Content-Disposition: form-data; name=""


----------------------------112760405211685579622106--
|
2022-09-11 00:56:26|40.44ms|200|GET|/weights|172.24.0.1|268 B|84 B|----------------------------290487860270702147479705
Content-Disposition: form-data; name="title"

あああ
----------------------------290487860270702147479705
Content-Disposition: form-data; name=""


----------------------------290487860270702147479705--
|
2022-09-11 00:59:48|18.762ms|400|GET|/weights|172.24.0.1|268 B|117 B|----------------------------717177496491501119447498
Content-Disposition: form-data; name="title"

あああ
----------------------------717177496491501119447498
Content-Disposition: form-data; name=""


----------------------------717177496491501119447498--
|
2022-09-11 01:10:42|29.6916ms|400|GET|/weights|172.24.0.1|268 B|117 B|----------------------------144177935503686392726011
Content-Disposition: form-data; name="title"

あああ
----------------------------144177935503686392726011
Content-Disposition: form-data; name=""


----------------------------144177935503686392726011--
|
2022-09-11 01:17:56|18.4516ms|400|GET|/weights|172.24.0.1|268 B|117 B|----------------------------964838288436052737068187
Content-Disposition: form-data; name="title"

あああ
----------------------------964838288436052737068187
Content-Disposition: form-data; name=""


----------------------------964838288436052737068187--
|
2022-09-11 01:26:21|21.17ms|200|GET|/weights|172.24.0.1|268 B|229 B|----------------------------989626139807376596064262
Content-Disposition: form-data; name="title"

あああ
----------------------------989626139807376596064262
Content-Disposition: form-data; name=""


----------------------------989626139807376596064262--
|
2022-09-11 01:27:53|21.7762ms|200|GET|/weights|172.24.0.1|268 B|253 B|----------------------------414588502497180263751039
Content-Disposition: form-data; name="title"

あああ
----------------------------414588502497180263751039
Content-Disposition: form-data; name=""


----------------------------414588502497180263751039--
|
2022-09-11 01:28:16|18.139ms|200|GET|/weights|172.24.0.1|268 B|253 B|----------------------------465811120588422652996420
Content-Disposition: form-data; name="title"

あああ
----------------------------465811120588422652996420
Content-Disposition: form-data; name=""


----------------------------465811120588422652996420--
|
2022-09-11 01:29:23|19.8849ms|200|GET|/weights|172.24.0.1|268 B|229 B|----------------------------999418930802750741111481
Content-Disposition: form-data; name="title"

あああ
----------------------------999418930802750741111481
Content-Disposition: form-data; name=""


----------------------------999418930802750741111481--
|
2022-09-11 01:29:42|29.3177ms|200|GET|/weights|172.24.0.1|268 B|229 B|----------------------------172646720364602228653256
Content-Disposition: form-data; name="title"

あああ
----------------------------172646720364602228653256
Content-Disposition: form-data; name=""


----------------------------172646720364602228653256--
|
2022-09-11 02:29:16|23.5383ms|200|GET|/weights|172.24.0.1|268 B|229 B|----------------------------853159413518816908258041
Content-Disposition: form-data; name="title"

あああ
----------------------------853159413518816908258041
Content-Disposition: form-data; name=""


----------------------------853159413518816908258041--
|
2022-09-11 02:48:19|25.1344ms|200|GET|/weights|172.24.0.1|268 B|229 B|----------------------------468328559125981901738389
Content-Disposition: form-data; name="title"

あああ
----------------------------468328559125981901738389
Content-Disposition: form-data; name=""


----------------------------468328559125981901738389--
|
2022-09-11 02:55:49|19.4384ms|200|GET|/weights|172.24.0.1|268 B|229 B|----------------------------339375329106202408995874
Content-Disposition: form-data; name="title"

あああ
----------------------------339375329106202408995874
Content-Disposition: form-data; name=""


----------------------------339375329106202408995874--
|
2022-09-11 02:56:59|21.6228ms|200|GET|/weights|172.24.0.1|268 B|229 B|----------------------------053646479768025285902443
Content-Disposition: form-data; name="title"

あああ
----------------------------053646479768025285902443
Content-Disposition: form-data; name=""


----------------------------053646479768025285902443--
|
2022-09-11 02:58:16|26.1026ms|200|GET|/weights|172.24.0.1|268 B|229 B|----------------------------330889788732349858294105
Content-Disposition: form-data; name="title"

あああ
----------------------------330889788732349858294105
Content-Disposition: form-data; name=""


----------------------------330889788732349858294105--
|
2022-09-11 02:59:15|25.8536ms|200|GET|/weights|172.24.0.1|268 B|229 B|----------------------------290699870929468315996475
Content-Disposition: form-data; name="title"

あああ
----------------------------290699870929468315996475
Content-Disposition: form-data; name=""


----------------------------290699870929468315996475--
|
2022-09-11 03:00:29|29.7319ms|200|GET|/weights|172.24.0.1|268 B|229 B|----------------------------503315671197007601115398
Content-Disposition: form-data; name="title"

あああ
----------------------------503315671197007601115398
Content-Disposition: form-data; name=""


----------------------------503315671197007601115398--
|
2022-09-11 03:02:34|26.4013ms|200|GET|/weights|172.24.0.1|268 B|229 B|----------------------------614018274056002931048942
Content-Disposition: form-data; name="title"

あああ
----------------------------614018274056002931048942
Content-Disposition: form-data; name=""


----------------------------614018274056002931048942--
|
2022-09-11 03:03:16|32.9058ms|200|GET|/weights|172.24.0.1|268 B|229 B|----------------------------113554069613572977182654
Content-Disposition: form-data; name="title"

あああ
----------------------------113554069613572977182654
Content-Disposition: form-data; name=""


----------------------------113554069613572977182654--
|
2022-09-11 03:04:12|30.9724ms|200|GET|/weights|172.24.0.1|268 B|229 B|----------------------------443833923998058935837077
Content-Disposition: form-data; name="title"

あああ
----------------------------443833923998058935837077
Content-Disposition: form-data; name=""


----------------------------443833923998058935837077--
|
2022-09-11 06:57:36|127.8508ms|200|GET|/weights|172.24.0.1|268 B|3 B|----------------------------281105991215180879757581
Content-Disposition: form-data; name="title"

あああ
----------------------------281105991215180879757581
Content-Disposition: form-data; name=""


----------------------------281105991215180879757581--
|
2022-09-11 06:58:49|125.2937ms|200|GET|/weights|172.24.0.1|268 B|226 B|----------------------------666802809838289448841461
Content-Disposition: form-data; name="title"

あああ
----------------------------666802809838289448841461
Content-Disposition: form-data; name=""


----------------------------666802809838289448841461--
|
2022-09-12 12:34:28|52.658ms|400|GET|/weights|172.24.0.1|268 B|52 B|----------------------------754710516831037137974576
Content-Disposition: form-data; name="title"

あああ
----------------------------754710516831037137974576
Content-Disposition: form-data; name=""


----------------------------754710516831037137974576--
|
2022-09-12 12:34:49|17.4966ms|400|GET|/weights|172.24.0.1|268 B|52 B|----------------------------228832034428732115553606
Content-Disposition: form-data; name="title"

あああ
----------------------------228832034428732115553606
Content-Disposition: form-data; name=""


----------------------------228832034428732115553606--
|
2022-09-12 12:35:13|12.3993ms|400|GET|/weights|172.24.0.1|268 B|65 B|----------------------------864563991122088252964404
Content-Disposition: form-data; name="title"

あああ
----------------------------864563991122088252964404
Content-Disposition: form-data; name=""


----------------------------864563991122088252964404--
|
2022-09-12 12:36:21|12.152ms|400|GET|/weights|172.24.0.1|268 B|65 B|----------------------------129802860406298535916509
Content-Disposition: form-data; name="title"

あああ
----------------------------129802860406298535916509
Content-Disposition: form-data; name=""


----------------------------129802860406298535916509--
|
2022-09-12 12:37:43|22.7379ms|400|GET|/weights|172.24.0.1|268 B|65 B|----------------------------730323399529957051277868
Content-Disposition: form-data; name="title"

あああ
----------------------------730323399529957051277868
Content-Disposition: form-data; name=""


----------------------------730323399529957051277868--
|
2022-09-12 12:40:18|20.0831ms|400|GET|/weights|172.24.0.1|268 B|65 B|----------------------------801063174544975954436574
Content-Disposition: form-data; name="title"

あああ
----------------------------801063174544975954436574
Content-Disposition: form-data; name=""


----------------------------801063174544975954436574--
|
2022-09-12 12:40:19|23.1724ms|400|GET|/weights|172.24.0.1|268 B|65 B|----------------------------876645780916461227364142
Content-Disposition: form-data; name="title"

あああ
----------------------------876645780916461227364142
Content-Disposition: form-data; name=""


----------------------------876645780916461227364142--
|
2022-09-12 12:43:51|13.2845ms|400|GET|/weights|172.24.0.1|268 B|65 B|----------------------------472452833173435465922609
Content-Disposition: form-data; name="title"

あああ
----------------------------472452833173435465922609
Content-Disposition: form-data; name=""


----------------------------472452833173435465922609--
|
2022-09-12 12:48:22|19.0169ms|400|GET|/weights|172.24.0.1|268 B|65 B|----------------------------376529217040309616088637
Content-Disposition: form-data; name="title"

あああ
----------------------------376529217040309616088637
Content-Disposition: form-data; name=""


----------------------------376529217040309616088637--
|
2022-09-12 12:53:15|13.4221ms|400|GET|/weights|172.24.0.1|268 B|54 B|----------------------------815337599038754406361760
Content-Disposition: form-data; name="title"

あああ
----------------------------815337599038754406361760
Content-Disposition: form-data; name=""


----------------------------815337599038754406361760--
|
2022-09-12 12:54:40|27.2379ms|400|GET|/weights|172.24.0.1|268 B|54 B|----------------------------780862966829164133668841
Content-Disposition: form-data; name="title"

あああ
----------------------------780862966829164133668841
Content-Disposition: form-data; name=""


----------------------------780862966829164133668841--
|
2022-09-12 12:55:10|65.3727ms|200|GET|/weights|172.24.0.1|268 B|232 B|----------------------------118054949909260774846553
Content-Disposition: form-data; name="title"

あああ
----------------------------118054949909260774846553
Content-Disposition: form-data; name=""


----------------------------118054949909260774846553--
|
2022-09-12 12:56:19|35.7405ms|200|GET|/weights|172.24.0.1|268 B|229 B|----------------------------571518765538481649021124
Content-Disposition: form-data; name="title"

あああ
----------------------------571518765538481649021124
Content-Disposition: form-data; name=""


----------------------------571518765538481649021124--
|
2022-09-12 12:56:51|25.4761ms|200|GET|/weights|172.24.0.1|268 B|233 B|----------------------------537507969623252814414672
Content-Disposition: form-data; name="title"

あああ
----------------------------537507969623252814414672
Content-Disposition: form-data; name=""


----------------------------537507969623252814414672--
|
2022-09-12 13:20:59|30.0682ms|200|GET|/weights|172.24.0.1|268 B|232 B|----------------------------805379815689006465565699
Content-Disposition: form-data; name="title"

あああ
----------------------------805379815689006465565699
Content-Disposition: form-data; name=""


----------------------------805379815689006465565699--
|
2022-09-12 13:25:02|27.4981ms|200|GET|/weights|172.24.0.1|268 B|466 B|----------------------------461789960287220267052773
Content-Disposition: form-data; name="title"

あああ
----------------------------461789960287220267052773
Content-Disposition: form-data; name=""


----------------------------461789960287220267052773--
|
2022-09-12 13:29:32|14.8885ms|200|GET|/weights|172.24.0.1|268 B|153 B|----------------------------769919903320822614802519
Content-Disposition: form-data; name="title"

あああ
----------------------------769919903320822614802519
Content-Disposition: form-data; name=""


----------------------------769919903320822614802519--
|
2022-09-12 13:59:43|87.861959ms|200|GET|/weights|172.24.0.1|268 B|153 B|----------------------------074713027129194931563545
Content-Disposition: form-data; name="title"

あああ
----------------------------074713027129194931563545
Content-Disposition: form-data; name=""


----------------------------074713027129194931563545--
|
2022-09-12 14:03:21|155.462421ms|200|GET|/weights|172.24.0.1|0 B|153 B||
2022-09-12 14:04:04|10.356309ms|200|GET|/weights|172.24.0.1|0 B|153 B||
2022-09-12 14:05:25|9.118474ms|200|GET|/weights|172.24.0.1|0 B|153 B||
2022-09-12 14:08:14|12.406928ms|200|GET|/weights|172.24.0.1|0 B|153 B||
2022-09-12 14:11:55|20.36347ms|200|GET|/weights|172.24.0.1|0 B|153 B||
2022-09-12 14:12:24|21.546278ms|200|GET|/weights|172.24.0.1|0 B|153 B||
2022-09-12 14:13:45|20.39028ms|200|GET|/weights|172.24.0.1|0 B|153 B||
2022-09-12 14:14:01|12.457466ms|200|GET|/weights|172.24.0.1|0 B|153 B||
2022-09-12 14:14:19|14.61286ms|200|GET|/weights|172.24.0.1|0 B|153 B||
2022-09-12 14:14:22|14.908616ms|200|GET|/weights|172.24.0.1|0 B|153 B||
2022-09-12 14:14:28|18.263843ms|200|GET|/weights|172.24.0.1|0 B|153 B||
2022-09-12 14:17:57|18.780761ms|200|GET|/weights|172.24.0.1|0 B|153 B||
2022-09-12 14:18:12|20.042862ms|200|GET|/weights|172.24.0.1|0 B|153 B||
2022-09-12 14:20:26|10.020014ms|200|GET|/weights|172.24.0.1|268 B|153 B|----------------------------495272118610505669321077
Content-Disposition: form-data; name="title"

あああ
----------------------------495272118610505669321077
Content-Disposition: form-data; name=""


----------------------------495272118610505669321077--
|
2022-09-12 14:21:09|9.194711ms|200|GET|/weights|172.24.0.1|268 B|153 B|----------------------------240064976828865140507367
Content-Disposition: form-data; name="title"

あああ
----------------------------240064976828865140507367
Content-Disposition: form-data; name=""


----------------------------240064976828865140507367--
|
